<?xml version="1.0" encoding="UTF-8"?>
<!-- Generated by org.testng.reporters.JUnitXMLReporter -->
<testsuite hostname="Dell1" ignored="0" name="Learning Maven" tests="4" failures="0" timestamp="2020-08-17T17:50:58 ICT" time="0.054" errors="0">
  <testcase name="demo3" time="0.005" classname="Learning.Mevan.MobileTest"/>
  <testcase name="demo4" time="0.0" classname="Learning.Mevan.MobileTest"/>
  <testcase name="demo1" time="0.001" classname="Learning.Mevan.AppiumTest"/>
  <testcase name="demo2" time="0.0" classname="Learning.Mevan.AppiumTest"/>
</testsuite> <!-- Learning Maven -->
