<?xml version="1.0" encoding="UTF-8"?>
<!-- Generated by org.testng.reporters.JUnitXMLReporter -->
<testsuite hostname="Dell1" name="Learning Maven" tests="6" failures="0" timestamp="16 Aug 2020 19:45:44 GMT" time="0.088" errors="0">
  <testcase name="demo3" time="0.012" classname="Learning.Mevan.MobileTest"/>
  <testcase name="demo4" time="0.003" classname="Learning.Mevan.MobileTest"/>
  <testcase name="demo1" time="0.001" classname="Learning.Mevan.AppiumTest"/>
  <testcase name="demo2" time="0.004" classname="Learning.Mevan.AppiumTest"/>
  <testcase name="demo5" time="0.007" classname="Learning.Mevan.SeleniumTest"/>
  <testcase name="demo6" time="0.003" classname="Learning.Mevan.SeleniumTest"/>
</testsuite> <!-- Learning Maven -->
