<?xml version="1.0" encoding="UTF-8"?>
<!-- Generated by org.testng.reporters.JUnitXMLReporter -->
<testsuite hostname="Dell1" name="Learning Mevan" tests="6" failures="0" timestamp="16 Aug 2020 19:37:28 GMT" time="0.098" errors="0">
  <testcase name="demo3" time="0.017" classname="Learning.Mevan.MobileTest"/>
  <testcase name="demo4" time="0.013" classname="Learning.Mevan.MobileTest"/>
  <testcase name="demo1" time="0.004" classname="Learning.Mevan.AppiumTest"/>
  <testcase name="demo2" time="0.002" classname="Learning.Mevan.AppiumTest"/>
  <testcase name="demo5" time="0.006" classname="Learning.Mevan.SeleniumTest"/>
  <testcase name="demo6" time="0.002" classname="Learning.Mevan.SeleniumTest"/>
</testsuite> <!-- Learning Mevan -->
