<?xml version="1.0" encoding="UTF-8"?>
<testng-results skipped="0" failed="0" total="6" passed="6">
  <reporter-output>
  </reporter-output>
  <suite name="Maven Test" duration-ms="88" started-at="2020-08-16T19:45:44Z" finished-at="2020-08-16T19:45:44Z">
    <groups>
    </groups>
    <test name="Learning Maven" duration-ms="88" started-at="2020-08-16T19:45:44Z" finished-at="2020-08-16T19:45:44Z">
      <class name="Learning.Mevan.SeleniumTest">
        <test-method status="PASS" signature="demo5()[pri:0, instance:Learning.Mevan.SeleniumTest@6a4f787b]" name="demo5" duration-ms="7" started-at="2020-08-17T02:45:44Z" finished-at="2020-08-17T02:45:44Z">
          <reporter-output>
          </reporter-output>
        </test-method> <!-- demo5 -->
        <test-method status="PASS" signature="demo6()[pri:0, instance:Learning.Mevan.SeleniumTest@6a4f787b]" name="demo6" duration-ms="3" started-at="2020-08-17T02:45:44Z" finished-at="2020-08-17T02:45:44Z">
          <reporter-output>
          </reporter-output>
        </test-method> <!-- demo6 -->
      </class> <!-- Learning.Mevan.SeleniumTest -->
      <class name="Learning.Mevan.AppiumTest">
        <test-method status="PASS" signature="demo1()[pri:0, instance:Learning.Mevan.AppiumTest@604ed9f0]" name="demo1" duration-ms="1" started-at="2020-08-17T02:45:44Z" finished-at="2020-08-17T02:45:44Z">
          <reporter-output>
          </reporter-output>
        </test-method> <!-- demo1 -->
        <test-method status="PASS" signature="demo2(java.lang.String)[pri:0, instance:Learning.Mevan.AppiumTest@604ed9f0]" name="demo2" duration-ms="4" started-at="2020-08-17T02:45:44Z" finished-at="2020-08-17T02:45:44Z">
          <params>
            <param index="0">
              <value>
                <![CDATA[www.rediff.ie]]>
              </value>
            </param>
          </params>
          <reporter-output>
          </reporter-output>
        </test-method> <!-- demo2 -->
      </class> <!-- Learning.Mevan.AppiumTest -->
      <class name="Learning.Mevan.MobileTest">
        <test-method status="PASS" signature="demo3()[pri:0, instance:Learning.Mevan.MobileTest@5e3a8624]" name="demo3" duration-ms="12" started-at="2020-08-17T02:45:44Z" finished-at="2020-08-17T02:45:44Z">
          <reporter-output>
          </reporter-output>
        </test-method> <!-- demo3 -->
        <test-method status="PASS" signature="demo4()[pri:0, instance:Learning.Mevan.MobileTest@5e3a8624]" name="demo4" duration-ms="3" started-at="2020-08-17T02:45:44Z" finished-at="2020-08-17T02:45:44Z">
          <reporter-output>
          </reporter-output>
        </test-method> <!-- demo4 -->
      </class> <!-- Learning.Mevan.MobileTest -->
    </test> <!-- Learning Maven -->
  </suite> <!-- Maven Test -->
</testng-results>
