<?xml version="1.0" encoding="UTF-8"?>
<testng-results skipped="0" failed="0" ignored="0" total="2" passed="2">
  <reporter-output>
  </reporter-output>
  <suite name="Default suite" duration-ms="69" started-at="2020-08-17T23:40:07 ICT" finished-at="2020-08-17T23:40:07 ICT">
    <groups>
    </groups>
    <test name="Default test" duration-ms="69" started-at="2020-08-17T23:40:07 ICT" finished-at="2020-08-17T23:40:07 ICT">
      <class name="Learning.Mevan.AppiumTest">
        <test-method status="PASS" signature="demo1()[pri:0, instance:Learning.Mevan.AppiumTest@6acdbdf5]" name="demo1" duration-ms="11" started-at="2020-08-17T23:40:07 ICT" finished-at="2020-08-17T23:40:07 ICT">
          <reporter-output>
          </reporter-output>
        </test-method> <!-- demo1 -->
        <test-method status="PASS" signature="demo2()[pri:0, instance:Learning.Mevan.AppiumTest@6acdbdf5]" name="demo2" duration-ms="1" started-at="2020-08-17T23:40:07 ICT" finished-at="2020-08-17T23:40:07 ICT">
          <reporter-output>
          </reporter-output>
        </test-method> <!-- demo2 -->
      </class> <!-- Learning.Mevan.AppiumTest -->
    </test> <!-- Default test -->
  </suite> <!-- Default suite -->
</testng-results>
